0 info it worked if it ends with ok
1 verbose cli [ 'node',
1 verbose cli   '/usr/local/bin/npm',
1 verbose cli   'install',
1 verbose cli   'backbone-modelbinder' ]
2 info using npm@1.4.28
3 info using node@v0.10.33
4 verbose cache add [ 'backbone-modelbinder', null ]
5 verbose cache add name=undefined spec="backbone-modelbinder" args=["backbone-modelbinder",null]
6 verbose parsed url { protocol: null,
6 verbose parsed url   slashes: null,
6 verbose parsed url   auth: null,
6 verbose parsed url   host: null,
6 verbose parsed url   port: null,
6 verbose parsed url   hostname: null,
6 verbose parsed url   hash: null,
6 verbose parsed url   search: null,
6 verbose parsed url   query: null,
6 verbose parsed url   pathname: 'backbone-modelbinder',
6 verbose parsed url   path: 'backbone-modelbinder',
6 verbose parsed url   href: 'backbone-modelbinder' }
7 silly lockFile 97fa975a-backbone-modelbinder backbone-modelbinder
8 verbose lock backbone-modelbinder /Users/mmaqsood/.npm/97fa975a-backbone-modelbinder.lock
9 silly lockFile 97fa975a-backbone-modelbinder backbone-modelbinder
10 silly lockFile 97fa975a-backbone-modelbinder backbone-modelbinder
11 verbose addNamed [ 'backbone-modelbinder', '' ]
12 verbose addNamed [ null, '*' ]
13 silly lockFile 67732983-backbone-modelbinder backbone-modelbinder@
14 verbose lock backbone-modelbinder@ /Users/mmaqsood/.npm/67732983-backbone-modelbinder.lock
15 silly addNameRange { name: 'backbone-modelbinder', range: '*', hasData: false }
16 verbose request where is /backbone-modelbinder
17 verbose request registry https://registry.npmjs.org/
18 verbose request id 367e54edba5e1d93
19 verbose url raw /backbone-modelbinder
20 verbose url resolving [ 'https://registry.npmjs.org/', './backbone-modelbinder' ]
21 verbose url resolved https://registry.npmjs.org/backbone-modelbinder
22 verbose request where is https://registry.npmjs.org/backbone-modelbinder
23 info trying registry request attempt 1 at 22:46:46
24 http GET https://registry.npmjs.org/backbone-modelbinder
25 http 404 https://registry.npmjs.org/backbone-modelbinder
26 verbose headers { date: 'Sat, 07 Feb 2015 03:44:07 GMT',
26 verbose headers   server: 'CouchDB/1.6.1 (Erlang OTP/R14B04)',
26 verbose headers   'content-type': 'application/json',
26 verbose headers   'cache-control': 'max-age=0',
26 verbose headers   'content-length': '52',
26 verbose headers   'accept-ranges': 'bytes',
26 verbose headers   via: '1.1 varnish',
26 verbose headers   age: '0',
26 verbose headers   'x-served-by': 'cache-dfw1828-DFW',
26 verbose headers   'x-cache': 'MISS',
26 verbose headers   'x-cache-hits': '0',
26 verbose headers   'x-timer': 'S1423280647.644789,VS0,VE196',
26 verbose headers   'keep-alive': 'timeout=10, max=50',
26 verbose headers   connection: 'Keep-Alive' }
27 silly registry.get cb [ 404,
27 silly registry.get   { date: 'Sat, 07 Feb 2015 03:44:07 GMT',
27 silly registry.get     server: 'CouchDB/1.6.1 (Erlang OTP/R14B04)',
27 silly registry.get     'content-type': 'application/json',
27 silly registry.get     'cache-control': 'max-age=0',
27 silly registry.get     'content-length': '52',
27 silly registry.get     'accept-ranges': 'bytes',
27 silly registry.get     via: '1.1 varnish',
27 silly registry.get     age: '0',
27 silly registry.get     'x-served-by': 'cache-dfw1828-DFW',
27 silly registry.get     'x-cache': 'MISS',
27 silly registry.get     'x-cache-hits': '0',
27 silly registry.get     'x-timer': 'S1423280647.644789,VS0,VE196',
27 silly registry.get     'keep-alive': 'timeout=10, max=50',
27 silly registry.get     connection: 'Keep-Alive' } ]
28 silly lockFile 67732983-backbone-modelbinder backbone-modelbinder@
29 silly lockFile 67732983-backbone-modelbinder backbone-modelbinder@
30 error 404 404 Not Found: backbone-modelbinder
30 error 404
30 error 404 'backbone-modelbinder' is not in the npm registry.
30 error 404 You should bug the author to publish it
30 error 404
30 error 404 Note that you can also install from a
30 error 404 tarball, folder, or http url, or git url.
31 error System Darwin 13.4.0
32 error command "node" "/usr/local/bin/npm" "install" "backbone-modelbinder"
33 error cwd /Users/mmaqsood/Documents/GitHub/Nedb-Framework/public
34 error node -v v0.10.33
35 error npm -v 1.4.28
36 error code E404
37 verbose exit [ 1, true ]
